<?xml version="1.0" encoding="UTF-8"?>
<testng-results ignored="0" total="1" passed="1" failed="0" skipped="0">
  <reporter-output>
  </reporter-output>
  <suite started-at="2021-11-25T14:43:15 IST" name="Suite" finished-at="2021-11-25T14:43:18 IST" duration-ms="3419">
    <groups>
    </groups>
    <test started-at="2021-11-25T14:43:15 IST" name="Test" finished-at="2021-11-25T14:43:18 IST" duration-ms="3419">
      <class name="com.automation.testcases.LoginTest">
        <test-method is-config="true" signature="setup()[pri:0, instance:com.automation.testcases.LoginTest@5e82df6a]" started-at="2021-11-25T14:43:15 IST" name="setup" finished-at="2021-11-25T14:43:17 IST" duration-ms="2181" status="PASS">
          <reporter-output>
          </reporter-output>
        </test-method> <!-- setup -->
        <test-method signature="loginApp()[pri:0, instance:com.automation.testcases.LoginTest@5e82df6a]" started-at="2021-11-25T14:43:17 IST" name="loginApp" finished-at="2021-11-25T14:43:18 IST" duration-ms="375" status="PASS">
          <reporter-output>
          </reporter-output>
        </test-method> <!-- loginApp -->
        <test-method is-config="true" signature="tearDown()[pri:0, instance:com.automation.testcases.LoginTest@5e82df6a]" started-at="2021-11-25T14:43:18 IST" name="tearDown" finished-at="2021-11-25T14:43:18 IST" duration-ms="808" status="PASS">
          <reporter-output>
          </reporter-output>
        </test-method> <!-- tearDown -->
      </class> <!-- com.automation.testcases.LoginTest -->
    </test> <!-- Test -->
  </suite> <!-- Suite -->
</testng-results>
