<?xml version="1.0" encoding="UTF-8"?>
<testng-results ignored="0" total="1" passed="0" failed="1" skipped="0">
  <reporter-output>
  </reporter-output>
  <suite started-at="2021-12-26T13:05:03 IST" name="Default suite" finished-at="2021-12-26T13:05:07 IST" duration-ms="4456">
    <groups>
    </groups>
    <test started-at="2021-12-26T13:05:03 IST" name="Default test" finished-at="2021-12-26T13:05:07 IST" duration-ms="4456">
      <class name="com.automation.testcases.LoginTest">
        <test-method is-config="true" signature="setUpSuit()[pri:0, instance:com.automation.testcases.LoginTest@5119fb47]" started-at="2021-12-26T13:05:03 IST" name="setUpSuit" finished-at="2021-12-26T13:05:03 IST" duration-ms="316" status="PASS">
          <reporter-output>
          </reporter-output>
        </test-method> <!-- setUpSuit -->
        <test-method is-config="true" signature="setup()[pri:0, instance:com.automation.testcases.LoginTest@5119fb47]" started-at="2021-12-26T13:05:03 IST" name="setup" finished-at="2021-12-26T13:05:06 IST" duration-ms="3015" status="PASS">
          <reporter-output>
          </reporter-output>
        </test-method> <!-- setup -->
        <test-method signature="loginApp()[pri:0, instance:com.automation.testcases.LoginTest@5119fb47]" started-at="2021-12-26T13:05:06 IST" name="loginApp" finished-at="2021-12-26T13:05:06 IST" duration-ms="214" status="FAIL">
          <exception class="java.lang.IncompatibleClassChangeError">
            <message>
              <![CDATA[Found interface org.apache.poi.util.POILogger, but class was expected]]>
            </message>
            <full-stacktrace>
              <![CDATA[java.lang.IncompatibleClassChangeError: Found interface org.apache.poi.util.POILogger, but class was expected
at org.apache.poi.openxml4j.opc.PackageRelationshipCollection.parseRelationshipsPart(PackageRelationshipCollection.java:307)
at org.apache.poi.openxml4j.opc.PackageRelationshipCollection.<init>(PackageRelationshipCollection.java:167)
at org.apache.poi.openxml4j.opc.PackageRelationshipCollection.<init>(PackageRelationshipCollection.java:135)
at org.apache.poi.openxml4j.opc.PackagePart.loadRelationships(PackagePart.java:565)
at org.apache.poi.openxml4j.opc.PackagePart.<init>(PackagePart.java:111)
at org.apache.poi.openxml4j.opc.PackagePart.<init>(PackagePart.java:82)
at org.apache.poi.openxml4j.opc.PackagePart.<init>(PackagePart.java:127)
at org.apache.poi.openxml4j.opc.ZipPackagePart.<init>(ZipPackagePart.java:79)
at org.apache.poi.openxml4j.opc.ZipPackage.getPartsImpl(ZipPackage.java:335)
at org.apache.poi.openxml4j.opc.OPCPackage.getParts(OPCPackage.java:756)
at org.apache.poi.openxml4j.opc.OPCPackage.open(OPCPackage.java:327)
at org.apache.poi.util.PackageHelper.open(PackageHelper.java:37)
at org.apache.poi.xssf.usermodel.XSSFWorkbook.<init>(XSSFWorkbook.java:295)
at com.automation.utility.ExcelDataProvider.ExcelDataProvider(ExcelDataProvider.java:38)
at com.automation.testcases.LoginTest.loginApp(LoginTest.java:20)
at java.base/jdk.internal.reflect.NativeMethodAccessorImpl.invoke0(Native Method)
at java.base/jdk.internal.reflect.NativeMethodAccessorImpl.invoke(NativeMethodAccessorImpl.java:64)
at java.base/jdk.internal.reflect.DelegatingMethodAccessorImpl.invoke(DelegatingMethodAccessorImpl.java:43)
at java.base/java.lang.reflect.Method.invoke(Method.java:564)
at org.testng.internal.MethodInvocationHelper.invokeMethod(MethodInvocationHelper.java:133)
at org.testng.internal.TestInvoker.invokeMethod(TestInvoker.java:598)
at org.testng.internal.TestInvoker.invokeTestMethod(TestInvoker.java:173)
at org.testng.internal.MethodRunner.runInSequence(MethodRunner.java:46)
at org.testng.internal.TestInvoker$MethodInvocationAgent.invoke(TestInvoker.java:824)
at org.testng.internal.TestInvoker.invokeTestMethods(TestInvoker.java:146)
at org.testng.internal.TestMethodWorker.invokeTestMethods(TestMethodWorker.java:146)
at org.testng.internal.TestMethodWorker.run(TestMethodWorker.java:128)
at java.base/java.util.ArrayList.forEach(ArrayList.java:1511)
at org.testng.TestRunner.privateRun(TestRunner.java:794)
at org.testng.TestRunner.run(TestRunner.java:596)
at org.testng.SuiteRunner.runTest(SuiteRunner.java:377)
at org.testng.SuiteRunner.runSequentially(SuiteRunner.java:371)
at org.testng.SuiteRunner.privateRun(SuiteRunner.java:332)
at org.testng.SuiteRunner.run(SuiteRunner.java:276)
at org.testng.SuiteRunnerWorker.runSuite(SuiteRunnerWorker.java:53)
at org.testng.SuiteRunnerWorker.run(SuiteRunnerWorker.java:96)
at org.testng.TestNG.runSuitesSequentially(TestNG.java:1212)
at org.testng.TestNG.runSuitesLocally(TestNG.java:1134)
at org.testng.TestNG.runSuites(TestNG.java:1063)
at org.testng.TestNG.run(TestNG.java:1031)
at org.testng.remote.AbstractRemoteTestNG.run(AbstractRemoteTestNG.java:115)
at org.testng.remote.RemoteTestNG.initAndRun(RemoteTestNG.java:251)
at org.testng.remote.RemoteTestNG.main(RemoteTestNG.java:77)
]]>
            </full-stacktrace>
          </exception> <!-- java.lang.IncompatibleClassChangeError -->
          <reporter-output>
          </reporter-output>
        </test-method> <!-- loginApp -->
        <test-method is-config="true" signature="tearDownMethod(org.testng.ITestResult)[pri:0, instance:com.automation.testcases.LoginTest@5119fb47]" started-at="2021-12-26T13:05:06 IST" name="tearDownMethod" finished-at="2021-12-26T13:05:07 IST" duration-ms="1148" status="PASS">
          <params>
            <param index="0">
              <value>
                <![CDATA[[TestResult name=loginApp status=FAILURE method=LoginTest.loginApp()[pri:0, instance:com.automation.testcases.LoginTest@5119fb47] output={null}]]]>
              </value>
            </param>
          </params>
          <reporter-output>
          </reporter-output>
        </test-method> <!-- tearDownMethod -->
      </class> <!-- com.automation.testcases.LoginTest -->
    </test> <!-- Default test -->
  </suite> <!-- Default suite -->
</testng-results>
