<?xml version="1.0" encoding="UTF-8"?>
<!-- Generated by org.testng.reporters.JUnitXMLReporter -->
<testsuite ignored="0" hostname="shiantu" failures="1" tests="1" name="Test" time="3.773" errors="0" timestamp="2021-12-03T18:02:09 IST">
  <testcase classname="com.automation.testcases.LoginTest" name="loginApp" time="0.173">
    <failure type="java.lang.IncompatibleClassChangeError" message="Found interface org.apache.poi.util.POILogger, but class was expected">
      <![CDATA[java.lang.IncompatibleClassChangeError: Found interface org.apache.poi.util.POILogger, but class was expected
at org.apache.poi.openxml4j.opc.PackageRelationshipCollection.parseRelationshipsPart(PackageRelationshipCollection.java:307)
at org.apache.poi.openxml4j.opc.PackageRelationshipCollection.<init>(PackageRelationshipCollection.java:167)
at org.apache.poi.openxml4j.opc.PackageRelationshipCollection.<init>(PackageRelationshipCollection.java:135)
at org.apache.poi.openxml4j.opc.PackagePart.loadRelationships(PackagePart.java:565)
at org.apache.poi.openxml4j.opc.PackagePart.<init>(PackagePart.java:111)
at org.apache.poi.openxml4j.opc.PackagePart.<init>(PackagePart.java:82)
at org.apache.poi.openxml4j.opc.PackagePart.<init>(PackagePart.java:127)
at org.apache.poi.openxml4j.opc.ZipPackagePart.<init>(ZipPackagePart.java:79)
at org.apache.poi.openxml4j.opc.ZipPackage.getPartsImpl(ZipPackage.java:335)
at org.apache.poi.openxml4j.opc.OPCPackage.getParts(OPCPackage.java:756)
at org.apache.poi.openxml4j.opc.OPCPackage.open(OPCPackage.java:327)
at org.apache.poi.util.PackageHelper.open(PackageHelper.java:37)
at org.apache.poi.xssf.usermodel.XSSFWorkbook.<init>(XSSFWorkbook.java:295)
at com.automation.utility.ExcelDataProvider.ExcelDataProvider(ExcelDataProvider.java:38)
at com.automation.testcases.LoginTest.loginApp(LoginTest.java:20)
at java.base/java.util.ArrayList.forEach(ArrayList.java:1511)
... Removed 27 stack frames]]>
    </failure>
  </testcase> <!-- loginApp -->
</testsuite> <!-- Test -->
